<?xml version="1.0" encoding="UTF-8"?>
<testsuite xmlns:xsi="http://www.w3.org/2001/XMLSchema-instance" xsi:noNamespaceSchemaLocation="https://maven.apache.org/surefire/maven-surefire-plugin/xsd/surefire-test-report.xsd" version="3.0.2" name="com.suzdal.ritm.RitmApplicationTests" time="3.209" tests="1" errors="0" skipped="0" failures="0" flakes="0">
  <properties>
[...]
</properties>
  <testcase name="contextLoads" classname="com.suzdal.ritm.RitmApplicationTests" time="0.745">
    <system-out><![CDATA[15:02:34.595 [main] INFO org.springframework.test.context.support.AnnotationConfigContextLoaderUtils -- Could not detect default configuration classes for test class [com.suzdal.ritm.RitmApplicationTests]: RitmApplicationTests does not declare any static, non-private, non-final, nested classes annotated with @Configuration.
15:02:34.721 [main] INFO org.springframework.boot.test.context.SpringBootTestContextBootstrapper -- Found @SpringBootConfiguration com.suzdal.ritm.Main for test class com.suzdal.ritm.RitmApplicationTests
15:02:34.837 [main] INFO org.springframework.test.context.support.AnnotationConfigContextLoaderUtils -- Could not detect default configuration classes for test class [com.suzdal.ritm.RitmApplicationTests]: RitmApplicationTests does not declare any static, non-private, non-final, nested classes annotated with @Configuration.
15:02:34.838 [main] INFO org.springframework.boot.test.context.SpringBootTestContextBootstrapper -- Found @SpringBootConfiguration com.suzdal.ritm.Main for test class com.suzdal.ritm.RitmApplicationTests
15:02:34.928 [main] INFO org.springframework.boot.devtools.restart.RestartApplicationListener -- Restart disabled due to context in which it is running

  .   ____          _            __ _ _
 /\\ / ___'_ __ _ _(_)_ __  __ _ \ \ \ \
( ( )\___ | '_ | '_| | '_ \/ _` | \ \ \ \
 \\/  ___)| |_)| | | | | || (_| |  ) ) ) )
  '  |____| .__|_| |_|_| |_\__, | / / / /
 =========|_|==============|___/=/_/_/_/

 :: Spring Boot ::                (v4.1.0)

2026-08-18T15:02:35.262+02:00  INFO 11052 --- [ritm] [           main] com.suzdal.ritm.RitmApplicationTests     : Starting RitmApplicationTests using Java 25.0.4 with PID 11052 (started by usuario in C:\projects\calculos-ritmo-jc)
2026-08-18T15:02:35.268+02:00  INFO 11052 --- [ritm] [           main] com.suzdal.ritm.RitmApplicationTests     : No active profile set, falling back to 1 default profile: "default"
2026-08-18T15:02:36.821+02:00  INFO 11052 --- [ritm] [           main] com.suzdal.ritm.RitmApplicationTests     : Started RitmApplicationTests in 1.907 seconds (process running for 3.245)
]]></system-out>
    <system-err><![CDATA[Mockito is currently self-attaching to enable the inline-mock-maker. This will no longer work in future releases of the JDK. Please add Mockito as an agent to your build as described in Mockito's documentation: https://javadoc.io/doc/org.mockito/mockito-core/latest/org.mockito/org/mockito/Mockito.html#0.3
WARNING: A Java agent has been loaded dynamically (C:\Users\usuario\.m2\repository\net\bytebuddy\byte-buddy-agent\1.18.10\byte-buddy-agent-1.18.10.jar)
WARNING: If a serviceability tool is in use, please run with -XX:+EnableDynamicAgentLoading to hide this warning
WARNING: If a serviceability tool is not in use, please run with -Djdk.instrument.traceUsage for more information
WARNING: Dynamic loading of agents will be disallowed by default in a future release
]]></system-err>
  </testcase>
</testsuite>